<?xml version="1.0" encoding="UTF-8"?>
<!-- Generated by org.testng.reporters.JUnitXMLReporter -->
<testsuite ignored="1" hostname="DamianoPrime" failures="0" tests="1" name="Surefire test" time="9.265" errors="0" timestamp="2025-11-30T11:53:33 CET">
  <testcase classname="com.example.tests.RegisterUserTest" name="registerUserTest" time="2.039"/>
  <testcase classname="com.example.tests.RegisterUserTest" name="registerUserNegativeTest" time="0.0">
    <ignored/>
  </testcase> <!-- registerUserNegativeTest -->
</testsuite> <!-- Surefire test -->
