<?xml version="1.0" encoding="UTF-8"?>
<testng-results ignored="1" total="2" passed="1" failed="0" skipped="0">
  <reporter-output>
  </reporter-output>
  <suite started-at="2025-11-30T11:53:24 CET" name="Surefire suite" finished-at="2025-11-30T11:53:33 CET" duration-ms="9265">
    <groups>
    </groups>
    <test started-at="2025-11-30T11:53:24 CET" name="Surefire test" finished-at="2025-11-30T11:53:33 CET" duration-ms="9265">
      <class name="com.example.tests.RegisterUserTest">
        <test-method is-config="true" signature="setup()[pri:0, instance:com.example.tests.RegisterUserTest@32cf48b7]" started-at="2025-11-30T11:53:24 CET" name="setup" finished-at="2025-11-30T11:53:30 CET" duration-ms="6004" status="PASS">
          <reporter-output>
          </reporter-output>
        </test-method> <!-- setup -->
        <test-method signature="registerUserTest()[pri:0, instance:com.example.tests.RegisterUserTest@32cf48b7]" started-at="2025-11-30T11:53:30 CET" name="registerUserTest" finished-at="2025-11-30T11:53:32 CET" duration-ms="2039" status="PASS">
          <reporter-output>
          </reporter-output>
        </test-method> <!-- registerUserTest -->
        <test-method is-config="true" signature="tearDown()[pri:0, instance:com.example.tests.RegisterUserTest@32cf48b7]" started-at="2025-11-30T11:53:32 CET" name="tearDown" finished-at="2025-11-30T11:53:33 CET" duration-ms="1170" status="PASS">
          <reporter-output>
          </reporter-output>
        </test-method> <!-- tearDown -->
      </class> <!-- com.example.tests.RegisterUserTest -->
    </test> <!-- Surefire test -->
  </suite> <!-- Surefire suite -->
</testng-results>
